[17:41:01] [main/INFO]: Environment: authHost='https://authserver.mojang.com', accountsHost='https://api.mojang.com', sessionHost='https://sessionserver.mojang.com', servicesHost='https://api.minecraftservices.com', name='PROD'
[17:41:01] [main/FATAL]: Failed to start the minecraft server
java.io.IOException: Der Prozess kann nicht auf die Datei zugreifen, da ein anderer Prozess einen Teil der Datei gesperrt hat
	at sun.nio.[17:41:04] [Server thread/INFO]: Starting minecraft server version 1.16.5
[17:41:04] [Server thread/INFO]: Loading properties
[17:41:05] [Server thread/INFO]: This server is running CraftBukkit version 3096-Spigot-9fb885e-296df56 (MC: 1.16.5) (Implementing API version 1.16.5-R0.1-SNAPSHOT)
[17:41:05] [Server thread/INFO]: Debug logging is disabled
[17:41:05] [Server thread/INFO]: Server Ping Player Sample Count: 12
[17:41:05] [Server thread/INFO]: Using 4 threads for Netty based IO
[17:41:05] [Server thread/INFO]: Default game type: SURVIVAL
[17:41:05] [Server thread/INFO]: Generating keypair
[17:41:05] [Server thread/INFO]: Starting Minecraft server on *:25565
[17:41:05] [Server thread/INFO]: Using default channel type
[17:41:07] [Server thread/INFO]: [Challenges] Loading Challenges v3.5
[17:41:07] [Server thread/INFO]: Preparing level "world"
[17:41:07] [Server thread/[17:41:13] [main/INFO]: Environment: authHost='https://authserver.mojang.com', accountsHost='https://api.mojang.com', sessionHost='https://sessionserver.mojang.com', servicesHost='https://api.minecraftservices.com', name='PROD'
[17:41:13] [main/FATAL]: Failed to start the minecraft server
java.io.IOException: Der Prozess kann nicht auf die Datei zugreifen, da ein anderer Prozess einen Teil der Datei gesperrt hat
	at sun.nio.ch.FileDispatcherImpl.write0(Native Method) ~[?:?]
	at sun.nio.ch.FileDispatcherImpl.write(FileDispatcherImpl.java:68) ~[?:?]
	at sun.nio.ch.IOUtil.writeFromNativeBuffer(IOUtil.java:113) ~[?:?]
	at sun.nio.ch.IOUtil.write(IOUtil.java:58) ~[?:?]
	at sun.nio.ch.FileChannelImpl.write(FileChannelImpl.java:285) ~[?:?]
	at net.minecraft.server.v1_16_R3.SessionLock.a(SourceFile:40) ~[spigot-1.16.5.jar:3096-Spigot-9fb885e-296df56]
	at net.minecraft.server.v1_16_R3.Convertable$ConversionSession.<init>(Convertable.java:257) ~[spigot-1.16.5.jar:3096-Spigot-9fb885e-296df56]
	at net.minecraft.server.v1_16_R3.Convertable.c(Convertable.java:227) ~[spigot-1.16.5.jar:3096-Spigot-9fb885e-296df56]
	at net.minecraft.server.v1_16_R3.Main.main(Main.java:136) [spigot-1.16.5.jar:3096-Spigot-9fb885e-296df56]
	at org.bukkit.craftbukkit.Main.main(Main.java:202) [spigot-1.16.5.jar:3096-Spigot-9fb885e-296df56]
 An 32 / Mo 32 / Ra 48 / Mi 16 / Tiv true
[17:41:07] [Server thread/INFO]: Custom Map Seeds:  Village: 10387312 Desert: 14357617 Igloo: 14357618 Jungle: 14357619 Swamp: 14357620 Monument: 10387313 Ocean: 14357621 Shipwreck: 165745295 End City: 10387313 Slime: 987234911 Bastion: 30084232 Fortress: 30084232 Mansion: 10387319 Fossil: 14357921 Portal: 34222645
[17:41:07] [Server thread/INFO]: Tile Max Tick Time: 50ms Entity max Tick Time: 50ms
[17:41:07] [Server thread/INFO]: Max TNT Explosions: 100
[17:41:07] [Server thread/INFO]: Allow Zombie Pigmen to spawn from portal blocks: true
[17:41:07] [Server thread/INFO]: Entity Tracking Range: Pl 48 / An 48 / Mo 48 / Mi 32 / Other 64
[17:41:07] [Server thread/INFO]: Item Despawn Rate: 6000
[17:41:07] [Server thread/INFO]: Item Merge Radius: 2.5
[17:41:07] [Server thread/INFO]: View Distance: 10
[17:41:07] [Server thread/INFO]: Zombie Aggressive Towards Villager: true
[17:41:07] [Server thread/INFO]: Arrow Despawn Rate: 1200 Trident Respawn Rate:1200
[17:41:07] [Server thread/INFO]: Nerfing mobs spawned from spawners: false
[17:41:07] [Server thread/INFO]: -------- World Settings For [world_nether] --------
[17:41:07] [Server thread/INFO]: Experience Merge Radius: 3.0
[17:41:07] [Server thread/INFO]: Mob Spawn Range: 6
[17:41:07] [Server thread/INFO]: Cactus Growth Modifier: 100%
[17:41:07] [Server thread/INFO]: Cane Growth Modifier: 100%
[17:41:07] [Server thread/INFO]: Melon Growth Modifier: 100%
[17:41:07] [Server thread/INFO]: Mushroom Growth Modifier: 100%
[17:41:07] [Server thread/INFO]: Pumpkin Growth Modifier: 100%
[17:41:07] [Server thread/INFO]: Sapling Growth Modifier: 100%
[17:41:07] [Server thread/INFO]: Beetroot Growth Modifier: 100%
[17:41:07] [Server thread/INFO]: Carrot Growth Modifier: 100%
[17:41:07] [Server thread/INFO]: Potato Growth Modifier: 100%
[17:41:07] [Server thread/INFO]: Wheat Growth Modifier: 100%
[17:41:07] [Server thread/INFO]: NetherWart Growth Modifier: 100%
[17:41:07] [Server thread/INFO]: Vine Growth Modifier: 100%
[17:41:07] [Server thread/INFO]: Cocoa Growth Modifier: 100%
[17:41:07] [Server thread/INFO]: Bamboo Growth Modifier: 100%
[17:41:07] [Server thread/INFO]: SweetBerry Growth Modifier: 100%
[17:41:07] [Server thread/INFO]: Kelp Growth Modifier: 100%
[17:41:07] [Server thread/INFO]: Hopper Transfer: 8 Hopper Check: 1 Hopper Amount: 1
[17:41:07] [Server thread/INFO]: Entity Activation Range: An 32 / Mo 32 / Ra 48 / Mi 16 / Tiv true
[17:41:07] [Server thread/INFO]: Custom Map Seeds:  Village: 10387312 Desert: 14357617 Igloo: 14357618 Jungle: 14357619 Swamp: 14357620 Monument: 10387313 Ocean: 14357621 Shipwreck: 165745295 End City: 10387313 Slime: 987234911 Bastion: 30084232 Fortress: 30084232 Mansion: 10387319 Fossil: 14357921 Portal: 34222645
[17:41:07] [Server thread/INFO]: Tile Max Tick Time: 50ms Entity max Tick Time: 50ms
[17:41:07] [Server thread/INFO]: Max TNT Explosions: 100
[17:41:07] [Server thread/INFO]: Allow Zombie Pigmen to spawn from portal blocks: true
[17:41:07] [Server thread/INFO]: Entity Tracking Range: Pl 48 / An 48 / Mo 48 / Mi 32 / Other 64
[17:41:07] [Server thread/INFO]: Item Despawn Rate: 6000
[17:41:07] [Server thread/INFO]: Item Merge Radius: 2.5
[17:41:07] [Server thread/INFO]: View Distance: 10
[17:41:07] [Server thread/INFO]: Zombie Aggressive Towards Villager: true
[17:41:07] [Server thread/INFO]: Arrow Despawn Rate: 1200 Trident Respawn Rate:1200
[17:41:07] [Server thread/INFO]: Nerfing mobs spawned from spawners: false
[17:41:08] [Server thread/INFO]: -------- World Settings For [world_the_end] --------
[17:41:08] [Server thread/INFO]: Experience Merge Radius: 3.0
[17:41:08] [Server thread/INFO]: Mob Spawn Range: 6
[17:41:08] [Server thread/INFO]: Cactus Growth Modifier: 100%
[17:41:08] [Server thread/INFO]: Cane Growth Modifier: 100%
[17:41:08] [Server thread/INFO]: Melon Growth Modifier: 100%
[17:41:08] [Server thread/INFO]: Mushroom Growth Modifier: 100%
[17:41:08] [Server thread/INFO]: Pumpkin Growth Modifier: 100%
[17:41:08] [Server thread/INFO]: Sapling Growth Modifier: 100%
[17:41:08] [Server thread/INFO]: Beetroot Growth Modifier: 100%
[17:41:08] [Server thread/INFO]: Carrot Growth Modifier: 100%
[17:41:08] [Server thread/INFO]: Potato Growth Modifier: 100%
[17:41:08] [Server thread/INFO]: Wheat Growth Modifier: 100%
[17:41:08] [Server thread/INFO]: NetherWart Growth Modifier: 100%
[17:41:08] [Server thread/INFO]: Vine Growth Modifier: 100%
[17:41:08] [Server thread/INFO]: Cocoa Growth Modifier: 100%
[17:41:08] [Server thread/INFO]: Bamboo Growth Modifier: 100%
[17:41:08] [Server thread/INFO]: SweetBerry Growth Modifier: 100%
[17:41:08] [Server thread/INFO]: Kelp Growth Modifier: 100%
[17:41:08] [Server thread/INFO]: Hopper Transfer: 8 Hopper Check: 1 Hopper Amount: 1
[17:41:08] [Server thread/INFO]: Entity Activation Range: An 32 / Mo 32 / Ra 48 / Mi 16 / Tiv true
[17:41:08] [Server thread/INFO]: Custom Map Seeds:  Village: 10387312 Desert: 14357617 Igloo: 14357618 Jungle: 14357619 Swamp: 14357620 Monument: 10387313 Ocean: 14357621 Shipwreck: 165745295 End City: 10387313 Slime: 987234911 Bastion: 30084232 Fortress: 30084232 Mansion: 10387319 Fossil: 14357921 Portal: 34222645
[17:41:08] [Server thread/INFO]: Tile Max Tick Time: 50ms Entity max Tick Time: 50ms
[17:41:08] [Server thread/INFO]: Max TNT Explosions: 100
[17:41:08] [Server thread/INFO]: Allow Zombie Pigmen to spawn from portal blocks: true
[17:41:08] [Server thread/INFO]: Entity Tracking Range: Pl 48 / An 48 / Mo 48 / Mi 32 / Other 64
[17:41:08] [Server thread/INFO]: Item Despawn Rate: 6000
[17:41:08] [Server thread/INFO]: Item Merge Radius: 2.5
[17:41:08] [Server thread/INFO]: View Distance: 10
[17:41:08] [Server thread/INFO]: Zombie Aggressive Towards Villager: true
[17:41:08] [Server thread/INFO]: Arrow Despawn Rate: 1200 Trident Respawn Rate:1200
[17:41:08] [Server thread/INFO]: Nerfing mobs spawned from spawners: false
[17:41:08] [Server thread/INFO]: Preparing start region for dimension minecraft:overworld
[17:41:11] [Server thread/INFO]: Preparing spawn area: 0%
[17:41:11] [Server thread/INFO]: Preparing spawn area: 0%
[17:41:11] [Server thread/INFO]: Preparing spawn area: 0%
[17:41:11] [Server thread/INFO]: Preparing spawn area: 0%
[17:41:11] [Server thread/INFO]: Preparing spawn area: 0%
[17:41:11] [Server thread/INFO]: Preparing spawn area: 0%
[17:41:11] [Server thread/INFO]: Preparing spawn area: 0%
[17:41:11] [Server thread/INFO]: Preparing spawn area: 0%
[17:41:12] [Server thread/INFO]: Preparing spawn area: 39%
